# JRE version: OpenJDK Runtime Environment (8.0_242-b01) (build 1.8.0_242-release-1644-b01)
# Java VM: OpenJDK 64-Bit Server VM (25.242-b01 mixed mode windows-amd64 compressed oops)
Heap:
 PSYoungGen      total 262656K, used 35800K [0x00000000d5580000, 0x00000000e9700000, 0x0000000100000000)
  eden space 242176K, 14% used [0x00000000d5580000,0x00000000d7876118,0x00000000e4200000)
  from space 20480K, 0% used [0x00000000e5580000,0x00000000e5580000,0x00000000e6980000)
  to   space 19968K, 0% used [0x00000000e4200000,0x00000000e4200000,0x00000000e5580000)
 ParOldGen       total 175616K, used 31509K [0x0000000080000000, 0x000000008ab80000, 0x00000000d5580000)
  object space 175616K, 17% used [0x0000000080000000,0x0000000081ec5470,0x000000008ab80000)
 Metaspace       used 58716K, capacity 60838K, committed 61096K, reserved 1101824K
  class space    used 8095K, capacity 8575K, committed 8624K, reserved 1048576K
GC Heap History (10 events):
Event: 5.080 GC heap before
{Heap before GC invocations=9 (full 2):
 PSYoungGen      total 128000K, used 8723K [0x00000000d5580000, 0x00000000e3680000, 0x0000000100000000)
  eden space 116224K, 0% used [0x00000000d5580000,0x00000000d5580000,0x00000000dc700000)
  from space 11776K, 74% used [0x00000000dc700000,0x00000000dcf84da8,0x00000000dd280000)
  to   space 11776K, 0% used [0x00000000e2b00000,0x00000000e2b00000,0x00000000e3680000)
 ParOldGen       total 86528K, used 7219K [0x0000000080000000, 0x0000000085480000, 0x00000000d5580000)
  object space 86528K, 8% used [0x0000000080000000,0x000000008070ce60,0x0000000085480000)
 Metaspace       used 34534K, capacity 35412K, committed 35496K, reserved 1079296K
  class space    used 4743K, capacity 4975K, committed 5040K, reserved 1048576K
Event: 5.108 GC heap after
Heap after GC invocations=9 (full 2):
 PSYoungGen      total 128000K, used 0K [0x00000000d5580000, 0x00000000e3680000, 0x0000000100000000)
  eden space 116224K, 0% used [0x00000000d5580000,0x00000000d5580000,0x00000000dc700000)
  from space 11776K, 0% used [0x00000000dc700000,0x00000000dc700000,0x00000000dd280000)
  to   space 11776K, 0% used [0x00000000e2b00000,0x00000000e2b00000,0x00000000e3680000)
 ParOldGen       total 125440K, used 15306K [0x0000000080000000, 0x0000000087a80000, 0x00000000d5580000)
  object space 125440K, 12% used [0x0000000080000000,0x0000000080ef2a38,0x0000000087a80000)
 Metaspace       used 34534K, capacity 35412K, committed 35496K, reserved 1079296K
  class space    used 4743K, capacity 4975K, committed 5040K, reserved 1048576K
}
Event: 6.154 GC heap before
{Heap before GC invocations=10 (full 2):
 PSYoungGen      total 128000K, used 116224K [0x00000000d5580000, 0x00000000e3680000, 0x0000000100000000)
  eden space 116224K, 100% used [0x00000000d5580000,0x00000000dc700000,0x00000000dc700000)
  from space 11776K, 0% used [0x00000000dc700000,0x00000000dc700000,0x00000000dd280000)
  to   space 11776K, 0% used [0x00000000e2b00000,0x00000000e2b00000,0x00000000e3680000)
 ParOldGen       total 125440K, used 15306K [0x0000000080000000, 0x0000000087a80000, 0x00000000d5580000)
  object space 125440K, 12% used [0x0000000080000000,0x0000000080ef2a38,0x0000000087a80000)
 Metaspace       used 44592K, capacity 46186K, committed 46376K, reserved 1089536K
  class space    used 6043K, capacity 6409K, committed 6448K, reserved 1048576K
Event: 6.163 GC heap after
Heap after GC invocations=10 (full 2):
 PSYoungGen      total 193024K, used 11762K [0x00000000d5580000, 0x00000000e3680000, 0x0000000100000000)
  eden space 181248K, 0% used [0x00000000d5580000,0x00000000d5580000,0x00000000e0680000)
  from space 11776K, 99% used [0x00000000e2b00000,0x00000000e367c988,0x00000000e3680000)
  to   space 14336K, 0% used [0x00000000e1a80000,0x00000000e1a80000,0x00000000e2880000)
 ParOldGen       total 125440K, used 18745K [0x0000000080000000, 0x0000000087a80000, 0x00000000d5580000)
  object space 125440K, 14% used [0x0000000080000000,0x000000008124e710,0x0000000087a80000)
 Metaspace       used 44592K, capacity 46186K, committed 46376K, reserved 1089536K
  class space    used 6043K, capacity 6409K, committed 6448K, reserved 1048576K
}
Event: 7.303 GC heap before
{Heap before GC invocations=11 (full 2):
 PSYoungGen      total 193024K, used 193010K [0x00000000d5580000, 0x00000000e3680000, 0x0000000100000000)
  eden space 181248K, 100% used [0x00000000d5580000,0x00000000e0680000,0x00000000e0680000)
  from space 11776K, 99% used [0x00000000e2b00000,0x00000000e367c988,0x00000000e3680000)
  to   space 14336K, 0% used [0x00000000e1a80000,0x00000000e1a80000,0x00000000e2880000)
 ParOldGen       total 125440K, used 18745K [0x0000000080000000, 0x0000000087a80000, 0x00000000d5580000)
  object space 125440K, 14% used [0x0000000080000000,0x000000008124e710,0x0000000087a80000)
 Metaspace       used 56203K, capacity 58330K, committed 58664K, reserved 1099776K
  class space    used 7686K, capacity 8161K, committed 8240K, reserved 1048576K
Event: 7.322 GC heap after
Heap after GC invocations=11 (full 2):
 PSYoungGen      total 216064K, used 14332K [0x00000000d5580000, 0x00000000e6980000, 0x0000000100000000)
  eden space 201728K, 0% used [0x00000000d5580000,0x00000000d5580000,0x00000000e1a80000)
  from space 14336K, 99% used [0x00000000e1a80000,0x00000000e287f320,0x00000000e2880000)
  to   space 20480K, 0% used [0x00000000e5580000,0x00000000e5580000,0x00000000e6980000)
 ParOldGen       total 125440K, used 31079K [0x0000000080000000, 0x0000000087a80000, 0x00000000d5580000)
  object space 125440K, 24% used [0x0000000080000000,0x0000000081e59e20,0x0000000087a80000)
 Metaspace       used 56203K, capacity 58330K, committed 58664K, reserved 1099776K
  class space    used 7686K, capacity 8161K, committed 8240K, reserved 1048576K
}
Event: 7.385 GC heap before
{Heap before GC invocations=12 (full 2):
 PSYoungGen      total 216064K, used 25768K [0x00000000d5580000, 0x00000000e6980000, 0x0000000100000000)
  eden space 201728K, 5% used [0x00000000d5580000,0x00000000d60aaf60,0x00000000e1a80000)
  from space 14336K, 99% used [0x00000000e1a80000,0x00000000e287f320,0x00000000e2880000)
  to   space 20480K, 0% used [0x00000000e5580000,0x00000000e5580000,0x00000000e6980000)
 ParOldGen       total 125440K, used 31079K [0x0000000080000000, 0x0000000087a80000, 0x00000000d5580000)
  object space 125440K, 24% used [0x0000000080000000,0x0000000081e59e20,0x0000000087a80000)
 Metaspace       used 56971K, capacity 59066K, committed 59160K, reserved 1099776K
  class space    used 7839K, capacity 8321K, committed 8368K, reserved 1048576K
Event: 7.391 GC heap after
Heap after GC invocations=12 (full 2):
 PSYoungGen      total 262656K, used 8915K [0x00000000d5580000, 0x00000000e9700000, 0x0000000100000000)
  eden space 242176K, 0% used [0x00000000d5580000,0x00000000d5580000,0x00000000e4200000)
  from space 20480K, 43% used [0x00000000e5580000,0x00000000e5e34e50,0x00000000e6980000)
  to   space 19968K, 0% used [0x00000000e4200000,0x00000000e4200000,0x00000000e5580000)
 ParOldGen       total 125440K, used 37337K [0x0000000080000000, 0x0000000087a80000, 0x00000000d5580000)
  object space 125440K, 29% used [0x0000000080000000,0x0000000082476688,0x0000000087a80000)
 Metaspace       used 56971K, capacity 59066K, committed 59160K, reserved 1099776K
  class space    used 7839K, capacity 8321K, committed 8368K, reserved 1048576K
}
Event: 7.391 GC heap before
{Heap before GC invocations=13 (full 3):
 PSYoungGen      total 262656K, used 8915K [0x00000000d5580000, 0x00000000e9700000, 0x0000000100000000)
  eden space 242176K, 0% used [0x00000000d5580000,0x00000000d5580000,0x00000000e4200000)
  from space 20480K, 43% used [0x00000000e5580000,0x00000000e5e34e50,0x00000000e6980000)
  to   space 19968K, 0% used [0x00000000e4200000,0x00000000e4200000,0x00000000e5580000)
 ParOldGen       total 125440K, used 37337K [0x0000000080000000, 0x0000000087a80000, 0x00000000d5580000)
  object space 125440K, 29% used [0x0000000080000000,0x0000000082476688,0x0000000087a80000)
 Metaspace       used 56971K, capacity 59066K, committed 59160K, reserved 1099776K
  class space    used 7839K, capacity 8321K, committed 8368K, reserved 1048576K
Event: 7.505 GC heap after
Heap after GC invocations=13 (full 3):
 PSYoungGen      total 262656K, used 0K [0x00000000d5580000, 0x00000000e9700000, 0x0000000100000000)
  eden space 242176K, 0% used [0x00000000d5580000,0x00000000d5580000,0x00000000e4200000)
  from space 20480K, 0% used [0x00000000e5580000,0x00000000e5580000,0x00000000e6980000)
  to   space 19968K, 0% used [0x00000000e4200000,0x00000000e4200000,0x00000000e5580000)
 ParOldGen       total 175616K, used 31509K [0x0000000080000000, 0x000000008ab80000, 0x00000000d5580000)
  object space 175616K, 17% used [0x0000000080000000,0x0000000081ec5470,0x000000008ab80000)
 Metaspace       used 56948K, capacity 58988K, committed 59160K, reserved 1099776K
  class space    used 7832K, capacity 8308K, committed 8368K, reserved 1048576K
}

